<?xml version="1.0" encoding="UTF-8"?>
<!-- Generated by org.testng.reporters.JUnitReportReporter -->
<testsuite hostname="DESKTOP-8S20KRB" name="com.guru99bank.qa.testcases.LoginPageTest" tests="4" failures="0" timestamp="5 May 2019 13:58:15 GMT" time="76.951" errors="0">
  <testcase name="validateValidLoginTest" time="19.807" classname="com.guru99bank.qa.testcases.LoginPageTest"/>
  <testcase name="validateValidLoginTest" time="18.176" classname="com.guru99bank.qa.testcases.LoginPageTest"/>
  <testcase name="validateValidLoginTest" time="21.063" classname="com.guru99bank.qa.testcases.LoginPageTest"/>
  <testcase name="validateValidLoginTest" time="17.905" classname="com.guru99bank.qa.testcases.LoginPageTest"/>
</testsuite> <!-- com.guru99bank.qa.testcases.LoginPageTest -->
